<?xml version="1.0" encoding="UTF-8"?>
<!-- Generated by org.testng.reporters.JUnitReportReporter -->
<testsuite hostname="Shreyansh-PC" name="help.IRCTC" tests="1" failures="0" timestamp="4 Sep 2017 16:04:31 GMT" time="56.346" errors="0">
  <testcase name="windowHandle" time="56.346" classname="help.IRCTC"/>
</testsuite> <!-- help.IRCTC -->
