<?xml version="1.0" encoding="UTF-8"?>
<!-- Generated by org.testng.reporters.JUnitReportReporter -->
<testsuite hostname="Shreyansh-PC" name="webdriver.WaitForDownloadFile" tests="1" failures="0" timestamp="4 Dec 2017 18:09:00 GMT" time="61.710" errors="0">
  <testcase name="testDownload" time="61.710" classname="webdriver.WaitForDownloadFile"/>
</testsuite> <!-- webdriver.WaitForDownloadFile -->
