<?xml version="1.0" encoding="UTF-8"?>
<!-- Generated by org.testng.reporters.JUnitReportReporter -->
<testsuite hostname="Shreyansh-PC" name="webdriver.Demo1" tests="1" failures="0" timestamp="24 Sep 2017 17:30:46 GMT" time="0.020" errors="0">
  <testcase name="abc" time="0.020" classname="webdriver.Demo1"/>
</testsuite> <!-- webdriver.Demo1 -->
