<?xml version="1.0" encoding="UTF-8"?>
<!-- Generated by org.testng.reporters.JUnitReportReporter -->
<testsuite hostname="Shreyansh-PC" name="help.Monster_Resume" tests="1" failures="0" timestamp="16 Jul 2017 06:06:13 GMT" time="28.890" errors="0">
  <testcase name="Monster_Profile_Update" time="28.890" classname="help.Monster_Resume"/>
</testsuite> <!-- help.Monster_Resume -->
